Fri Aug 11 12:17:44 CST 2017
start exporting OFR_MAIN_ASSET_CUR
Fri Aug 11 13:06:50 CST 2017
start exporting OFR_MAIN_ASSET_CUR
Fri Aug 11 13:55:18 CST 2017
start exporting OFR_MAIN_ASSET_CUR
Fri Aug 11 14:13:38 CST 2017
start exporting OFR_MAIN_ASSET_CUR
start exporting OFR_MAIN_ASSET_CUR_1
invoke OFR_MAIN_ASSET_CUR_1
start exporting OFR_MAIN_ASSET_CUR_2
invoke OFR_MAIN_ASSET_CUR_2
start exporting OFR_MAIN_ASSET_CUR_3
invoke OFR_MAIN_ASSET_CUR_3
start exporting OFR_MAIN_ASSET_CUR_4
invoke OFR_MAIN_ASSET_CUR_4
start exporting OFR_MAIN_ASSET_CUR_5
invoke OFR_MAIN_ASSET_CUR_5
start exporting OFR_MAIN_ASSET_CUR_6
invoke OFR_MAIN_ASSET_CUR_6
start exporting OFR_MAIN_ASSET_CUR_7
invoke OFR_MAIN_ASSET_CUR_7
start exporting OFR_MAIN_ASSET_CUR_8
invoke OFR_MAIN_ASSET_CUR_8
start exporting OFR_MAIN_ASSET_CUR_9
invoke OFR_MAIN_ASSET_CUR_9
start exporting OFR_MAIN_ASSET_CUR_10
invoke OFR_MAIN_ASSET_CUR_10
start exporting OFR_MAIN_ASSET_CUR_11
invoke OFR_MAIN_ASSET_CUR_11
start exporting OFR_MAIN_ASSET_CUR_12
invoke OFR_MAIN_ASSET_CUR_12
start exporting OFR_MAIN_ASSET_CUR_13
invoke OFR_MAIN_ASSET_CUR_13
start exporting OFR_MAIN_ASSET_CUR_14
invoke OFR_MAIN_ASSET_CUR_14
start exporting OFR_MAIN_ASSET_CUR_15
invoke OFR_MAIN_ASSET_CUR_15
start exporting OFR_MAIN_ASSET_CUR_16
invoke OFR_MAIN_ASSET_CUR_16
Fri Aug 11 14:59:23 CST 2017
start exporting CATALOG_SALES
start exporting CATALOG_SALES_1
invoke CATALOG_SALES_1
start exporting CATALOG_SALES_2
invoke CATALOG_SALES_2
start exporting OFR_MAIN_ASSET_CUR_17
invoke OFR_MAIN_ASSET_CUR_17
./4.1.2.sh: line 27: 40278 Killed                  ${VSQL} -e -i -v ON_ERROR_STOP=1 -c "select exportdata(*  using parameters path='/data/export/test/1/ZJBIC.OFR_MAIN_ASSET_CUR_A_${invoke}.txt.${nodeName}', separator=E'\007'	) over (partition auto) from  ZJBIC.OFR_MAIN_ASSET_CUR_A_${invoke};" > ${AUTO_HOME}/logs/4.1.2_ZJBIC.OFR_MAIN_ASSET_CUR_A_${invoke}.log 2>&1
start exporting OFR_MAIN_ASSET_CUR_18
invoke OFR_MAIN_ASSET_CUR_18
Fri Aug 11 15:23:34 CST 2017
start exporting OFR_MAIN_ASSET_CUR
start exporting OFR_MAIN_ASSET_CUR_1
invoke OFR_MAIN_ASSET_CUR_1
start exporting OFR_MAIN_ASSET_CUR_2
invoke OFR_MAIN_ASSET_CUR_2
start exporting OFR_MAIN_ASSET_CUR_3
invoke OFR_MAIN_ASSET_CUR_3
start exporting OFR_MAIN_ASSET_CUR_4
invoke OFR_MAIN_ASSET_CUR_4
start exporting OFR_MAIN_ASSET_CUR_5
invoke OFR_MAIN_ASSET_CUR_5
start exporting OFR_MAIN_ASSET_CUR_6
invoke OFR_MAIN_ASSET_CUR_6
start exporting OFR_MAIN_ASSET_CUR_7
invoke OFR_MAIN_ASSET_CUR_7
start exporting OFR_MAIN_ASSET_CUR_8
invoke OFR_MAIN_ASSET_CUR_8
start exporting OFR_MAIN_ASSET_CUR_9
invoke OFR_MAIN_ASSET_CUR_9
start exporting OFR_MAIN_ASSET_CUR_10
invoke OFR_MAIN_ASSET_CUR_10
start exporting OFR_MAIN_ASSET_CUR_11
invoke OFR_MAIN_ASSET_CUR_11
start exporting OFR_MAIN_ASSET_CUR_12
invoke OFR_MAIN_ASSET_CUR_12
start exporting OFR_MAIN_ASSET_CUR_13
invoke OFR_MAIN_ASSET_CUR_13
start exporting OFR_MAIN_ASSET_CUR_14
invoke OFR_MAIN_ASSET_CUR_14
start exporting OFR_MAIN_ASSET_CUR_15
invoke OFR_MAIN_ASSET_CUR_15
start exporting OFR_MAIN_ASSET_CUR_16
invoke OFR_MAIN_ASSET_CUR_16
start exporting OFR_MAIN_ASSET_CUR_17
invoke OFR_MAIN_ASSET_CUR_17
start exporting OFR_MAIN_ASSET_CUR_18
invoke OFR_MAIN_ASSET_CUR_18
start exporting OFR_MAIN_ASSET_CUR_19
invoke OFR_MAIN_ASSET_CUR_19
start exporting OFR_MAIN_ASSET_CUR_20
invoke OFR_MAIN_ASSET_CUR_20
start exporting OFR_MAIN_ASSET_CUR_21
invoke OFR_MAIN_ASSET_CUR_21
start exporting OFR_MAIN_ASSET_CUR_22
invoke OFR_MAIN_ASSET_CUR_22
start exporting OFR_MAIN_ASSET_CUR_23
invoke OFR_MAIN_ASSET_CUR_23
start exporting OFR_MAIN_ASSET_CUR_24
invoke OFR_MAIN_ASSET_CUR_24
start exporting OFR_MAIN_ASSET_CUR_25
invoke OFR_MAIN_ASSET_CUR_25
start exporting OFR_MAIN_ASSET_CUR_26
invoke OFR_MAIN_ASSET_CUR_26
start exporting OFR_MAIN_ASSET_CUR_27
invoke OFR_MAIN_ASSET_CUR_27
start exporting OFR_MAIN_ASSET_CUR_28
invoke OFR_MAIN_ASSET_CUR_28
start exporting OFR_MAIN_ASSET_CUR_29
invoke OFR_MAIN_ASSET_CUR_29
Fri Aug 11 15:48:31 CST 2017
export OFR_MAIN_ASSET_CUR completed
Fri Aug 11 15:48:31 CST 2017
start exporting CATALOG_SALES
start exporting CATALOG_SALES_1
invoke CATALOG_SALES_1
start exporting CATALOG_SALES_2
invoke CATALOG_SALES_2
start exporting CATALOG_SALES_3
invoke CATALOG_SALES_3
start exporting CATALOG_SALES_4
invoke CATALOG_SALES_4
Fri Aug 11 16:12:29 CST 2017
start exporting OFR_MAIN_ASSET_CUR
start exporting OFR_MAIN_ASSET_CUR_1
invoke OFR_MAIN_ASSET_CUR_1
start exporting OFR_MAIN_ASSET_CUR_2
invoke OFR_MAIN_ASSET_CUR_2
start exporting OFR_MAIN_ASSET_CUR_3
invoke OFR_MAIN_ASSET_CUR_3
start exporting OFR_MAIN_ASSET_CUR_4
invoke OFR_MAIN_ASSET_CUR_4
start exporting OFR_MAIN_ASSET_CUR_5
invoke OFR_MAIN_ASSET_CUR_5
start exporting OFR_MAIN_ASSET_CUR_6
invoke OFR_MAIN_ASSET_CUR_6
start exporting OFR_MAIN_ASSET_CUR_7
invoke OFR_MAIN_ASSET_CUR_7
start exporting OFR_MAIN_ASSET_CUR_8
invoke OFR_MAIN_ASSET_CUR_8
start exporting OFR_MAIN_ASSET_CUR_9
invoke OFR_MAIN_ASSET_CUR_9
start exporting OFR_MAIN_ASSET_CUR_10
invoke OFR_MAIN_ASSET_CUR_10
start exporting OFR_MAIN_ASSET_CUR_11
invoke OFR_MAIN_ASSET_CUR_11
start exporting OFR_MAIN_ASSET_CUR_12
invoke OFR_MAIN_ASSET_CUR_12
start exporting OFR_MAIN_ASSET_CUR_13
invoke OFR_MAIN_ASSET_CUR_13
start exporting OFR_MAIN_ASSET_CUR_14
invoke OFR_MAIN_ASSET_CUR_14
start exporting OFR_MAIN_ASSET_CUR_15
invoke OFR_MAIN_ASSET_CUR_15
start exporting OFR_MAIN_ASSET_CUR_16
invoke OFR_MAIN_ASSET_CUR_16
start exporting OFR_MAIN_ASSET_CUR_17
invoke OFR_MAIN_ASSET_CUR_17
start exporting OFR_MAIN_ASSET_CUR_18
invoke OFR_MAIN_ASSET_CUR_18
start exporting OFR_MAIN_ASSET_CUR_19
invoke OFR_MAIN_ASSET_CUR_19
start exporting OFR_MAIN_ASSET_CUR_20
invoke OFR_MAIN_ASSET_CUR_20
start exporting OFR_MAIN_ASSET_CUR_21
invoke OFR_MAIN_ASSET_CUR_21
start exporting OFR_MAIN_ASSET_CUR_22
invoke OFR_MAIN_ASSET_CUR_22
start exporting OFR_MAIN_ASSET_CUR_23
invoke OFR_MAIN_ASSET_CUR_23
start exporting OFR_MAIN_ASSET_CUR_24
invoke OFR_MAIN_ASSET_CUR_24
start exporting OFR_MAIN_ASSET_CUR_25
invoke OFR_MAIN_ASSET_CUR_25
start exporting OFR_MAIN_ASSET_CUR_26
invoke OFR_MAIN_ASSET_CUR_26
start exporting OFR_MAIN_ASSET_CUR_27
invoke OFR_MAIN_ASSET_CUR_27
start exporting OFR_MAIN_ASSET_CUR_28
invoke OFR_MAIN_ASSET_CUR_28
start exporting OFR_MAIN_ASSET_CUR_29
invoke OFR_MAIN_ASSET_CUR_29
start exporting OFR_MAIN_ASSET_CUR_30
invoke OFR_MAIN_ASSET_CUR_30
Fri Aug 11 16:36:59 CST 2017
export OFR_MAIN_ASSET_CUR completed
Fri Aug 11 16:36:59 CST 2017
start exporting CATALOG_SALES
start exporting CATALOG_SALES_1
invoke CATALOG_SALES_1
start exporting CATALOG_SALES_2
invoke CATALOG_SALES_2
start exporting CATALOG_SALES_3
invoke CATALOG_SALES_3
start exporting CATALOG_SALES_4
invoke CATALOG_SALES_4
start exporting CATALOG_SALES_5
invoke CATALOG_SALES_5
start exporting CATALOG_SALES_6
invoke CATALOG_SALES_6
start exporting CATALOG_SALES_7
invoke CATALOG_SALES_7
start exporting CATALOG_SALES_8
invoke CATALOG_SALES_8
Fri Aug 11 16:53:27 CST 2017
start exporting OFR_MAIN_ASSET_CUR
./4.1.2.sh: line 67: 109478 Killed                  ${VSQL} -e -i -v ON_ERROR_STOP=1 -c "select exportdata(cs_sold_date_sk ,    cs_sold_time_sk ,    cs_ship_date_sk ,    cs_bill_customer_sk ,    cs_bill_cdemo_sk ,    cs_bill_hdemo_sk ,    cs_bill_addr_sk ,    cs_ship_customer_sk ,    cs_ship_cdemo_sk ,    cs_ship_hdemo_sk ,    cs_ship_addr_sk ,    cs_call_center_sk ,    cs_catalog_page_sk ,    cs_ship_mode_sk ,    cs_warehouse_sk ,    cs_item_sk ,    cs_promo_sk ,    cs_order_number ,    cs_quantity ,    cs_wholesale_cost ::varchar,    cs_list_price ::varchar,    cs_sales_price ::varchar,    cs_ext_discount_amt ::varchar,    cs_ext_sales_price ::varchar,    cs_ext_wholesale_cost ::varchar,    cs_ext_list_price ::varchar,    cs_ext_tax ::varchar,    cs_coupon_amt ::varchar,    cs_ext_ship_cost ::varchar,    cs_net_paid ::varchar,    cs_net_paid_inc_tax ::varchar,    cs_net_paid_inc_ship ::varchar,    cs_net_paid_inc_ship_tax ::varchar,    cs_net_profit ::varchar  using parameters path='/data/export/CATALOG_SALES/TPCDS.CATALOG_SALES_${invoke}.txt', separator=E'\007'
			) over (partition auto) from  TPCDS.CATALOG_SALES_${invoke};" > ${AUTO_HOME}/logs/4.1.1_TPCDS.CATALOG_SALES_${invoke}.log 2>&1
start exporting CATALOG_SALES_9
invoke CATALOG_SALES_9
start exporting OFR_MAIN_ASSET_CUR_1
invoke OFR_MAIN_ASSET_CUR_1
./4.1.2.sh: line 67: 109479 Killed                  ${VSQL} -e -i -v ON_ERROR_STOP=1 -c "select exportdata(cs_sold_date_sk ,    cs_sold_time_sk ,    cs_ship_date_sk ,    cs_bill_customer_sk ,    cs_bill_cdemo_sk ,    cs_bill_hdemo_sk ,    cs_bill_addr_sk ,    cs_ship_customer_sk ,    cs_ship_cdemo_sk ,    cs_ship_hdemo_sk ,    cs_ship_addr_sk ,    cs_call_center_sk ,    cs_catalog_page_sk ,    cs_ship_mode_sk ,    cs_warehouse_sk ,    cs_item_sk ,    cs_promo_sk ,    cs_order_number ,    cs_quantity ,    cs_wholesale_cost ::varchar,    cs_list_price ::varchar,    cs_sales_price ::varchar,    cs_ext_discount_amt ::varchar,    cs_ext_sales_price ::varchar,    cs_ext_wholesale_cost ::varchar,    cs_ext_list_price ::varchar,    cs_ext_tax ::varchar,    cs_coupon_amt ::varchar,    cs_ext_ship_cost ::varchar,    cs_net_paid ::varchar,    cs_net_paid_inc_tax ::varchar,    cs_net_paid_inc_ship ::varchar,    cs_net_paid_inc_ship_tax ::varchar,    cs_net_profit ::varchar  using parameters path='/data/export/CATALOG_SALES/TPCDS.CATALOG_SALES_${invoke}.txt', separator=E'\007'
			) over (partition auto) from  TPCDS.CATALOG_SALES_${invoke};" > ${AUTO_HOME}/logs/4.1.1_TPCDS.CATALOG_SALES_${invoke}.log 2>&1
./4.1.2.sh: line 67: 109480 Killed                  ${VSQL} -e -i -v ON_ERROR_STOP=1 -c "select exportdata(cs_sold_date_sk ,    cs_sold_time_sk ,    cs_ship_date_sk ,    cs_bill_customer_sk ,    cs_bill_cdemo_sk ,    cs_bill_hdemo_sk ,    cs_bill_addr_sk ,    cs_ship_customer_sk ,    cs_ship_cdemo_sk ,    cs_ship_hdemo_sk ,    cs_ship_addr_sk ,    cs_call_center_sk ,    cs_catalog_page_sk ,    cs_ship_mode_sk ,    cs_warehouse_sk ,    cs_item_sk ,    cs_promo_sk ,    cs_order_number ,    cs_quantity ,    cs_wholesale_cost ::varchar,    cs_list_price ::varchar,    cs_sales_price ::varchar,    cs_ext_discount_amt ::varchar,    cs_ext_sales_price ::varchar,    cs_ext_wholesale_cost ::varchar,    cs_ext_list_price ::varchar,    cs_ext_tax ::varchar,    cs_coupon_amt ::varchar,    cs_ext_ship_cost ::varchar,    cs_net_paid ::varchar,    cs_net_paid_inc_tax ::varchar,    cs_net_paid_inc_ship ::varchar,    cs_net_paid_inc_ship_tax ::varchar,    cs_net_profit ::varchar  using parameters path='/data/export/CATALOG_SALES/TPCDS.CATALOG_SALES_${invoke}.txt', separator=E'\007'
			) over (partition auto) from  TPCDS.CATALOG_SALES_${invoke};" > ${AUTO_HOME}/logs/4.1.1_TPCDS.CATALOG_SALES_${invoke}.log 2>&1
start exporting CATALOG_SALES_10
invoke CATALOG_SALES_10
start exporting OFR_MAIN_ASSET_CUR_2
invoke OFR_MAIN_ASSET_CUR_2
Fri Aug 11 17:07:12 CST 2017
start exporting CATALOG_SALES
start exporting CATALOG_SALES_1
invoke CATALOG_SALES_1
start exporting CATALOG_SALES_2
invoke CATALOG_SALES_2
start exporting CATALOG_SALES_3
invoke CATALOG_SALES_3
start exporting CATALOG_SALES_4
invoke CATALOG_SALES_4
start exporting CATALOG_SALES_5
invoke CATALOG_SALES_5
start exporting CATALOG_SALES_6
invoke CATALOG_SALES_6
Fri Aug 11 17:17:11 CST 2017
start exporting CATALOG_SALES
start exporting CATALOG_SALES_1
invoke CATALOG_SALES_1
start exporting CATALOG_SALES_2
invoke CATALOG_SALES_2
start exporting CATALOG_SALES_3
invoke CATALOG_SALES_3
start exporting CATALOG_SALES_4
invoke CATALOG_SALES_4
start exporting CATALOG_SALES_5
invoke CATALOG_SALES_5
start exporting CATALOG_SALES_6
invoke CATALOG_SALES_6
start exporting CATALOG_SALES_7
invoke CATALOG_SALES_7
start exporting CATALOG_SALES_8
invoke CATALOG_SALES_8
start exporting CATALOG_SALES_9
invoke CATALOG_SALES_9
start exporting CATALOG_SALES_10
invoke CATALOG_SALES_10
start exporting CATALOG_SALES_11
invoke CATALOG_SALES_11
start exporting CATALOG_SALES_12
invoke CATALOG_SALES_12
start exporting CATALOG_SALES_13
invoke CATALOG_SALES_13
start exporting CATALOG_SALES_14
invoke CATALOG_SALES_14
start exporting CATALOG_SALES_15
invoke CATALOG_SALES_15
start exporting CATALOG_SALES_16
invoke CATALOG_SALES_16
start exporting CATALOG_SALES_17
invoke CATALOG_SALES_17
start exporting CATALOG_SALES_18
invoke CATALOG_SALES_18
start exporting CATALOG_SALES_19
invoke CATALOG_SALES_19
start exporting CATALOG_SALES_20
invoke CATALOG_SALES_20
start exporting CATALOG_SALES_21
invoke CATALOG_SALES_21
start exporting CATALOG_SALES_22
invoke CATALOG_SALES_22
start exporting CATALOG_SALES_23
invoke CATALOG_SALES_23
start exporting CATALOG_SALES_24
invoke CATALOG_SALES_24
start exporting CATALOG_SALES_25
invoke CATALOG_SALES_25
start exporting CATALOG_SALES_26
invoke CATALOG_SALES_26
start exporting CATALOG_SALES_27
invoke CATALOG_SALES_27
start exporting CATALOG_SALES_28
invoke CATALOG_SALES_28
start exporting CATALOG_SALES_29
invoke CATALOG_SALES_29
start exporting CATALOG_SALES_30
invoke CATALOG_SALES_30
./4.1.2.sh: line 69: syntax error near unexpected token `done'
./4.1.2.sh: line 69: `done'
Tue Aug 15 15:20:29 CST 2017
start exporting OFR_MAIN_ASSET_CUR
start exporting OFR_MAIN_ASSET_CUR_1
invoke OFR_MAIN_ASSET_CUR_1
start exporting OFR_MAIN_ASSET_CUR_2
invoke OFR_MAIN_ASSET_CUR_2
start exporting OFR_MAIN_ASSET_CUR_3
invoke OFR_MAIN_ASSET_CUR_3
start exporting OFR_MAIN_ASSET_CUR_4
invoke OFR_MAIN_ASSET_CUR_4
start exporting OFR_MAIN_ASSET_CUR_5
invoke OFR_MAIN_ASSET_CUR_5
start exporting OFR_MAIN_ASSET_CUR_6
invoke OFR_MAIN_ASSET_CUR_6
start exporting OFR_MAIN_ASSET_CUR_7
invoke OFR_MAIN_ASSET_CUR_7
start exporting OFR_MAIN_ASSET_CUR_8
invoke OFR_MAIN_ASSET_CUR_8
start exporting OFR_MAIN_ASSET_CUR_9
invoke OFR_MAIN_ASSET_CUR_9
start exporting OFR_MAIN_ASSET_CUR_10
invoke OFR_MAIN_ASSET_CUR_10
start exporting OFR_MAIN_ASSET_CUR_11
invoke OFR_MAIN_ASSET_CUR_11
start exporting OFR_MAIN_ASSET_CUR_12
invoke OFR_MAIN_ASSET_CUR_12
start exporting OFR_MAIN_ASSET_CUR_13
invoke OFR_MAIN_ASSET_CUR_13
start exporting OFR_MAIN_ASSET_CUR_14
invoke OFR_MAIN_ASSET_CUR_14
start exporting OFR_MAIN_ASSET_CUR_15
invoke OFR_MAIN_ASSET_CUR_15
start exporting OFR_MAIN_ASSET_CUR_16
invoke OFR_MAIN_ASSET_CUR_16
start exporting OFR_MAIN_ASSET_CUR_17
invoke OFR_MAIN_ASSET_CUR_17
start exporting OFR_MAIN_ASSET_CUR_18
invoke OFR_MAIN_ASSET_CUR_18
start exporting OFR_MAIN_ASSET_CUR_19
invoke OFR_MAIN_ASSET_CUR_19
start exporting OFR_MAIN_ASSET_CUR_20
invoke OFR_MAIN_ASSET_CUR_20
start exporting OFR_MAIN_ASSET_CUR_21
invoke OFR_MAIN_ASSET_CUR_21
start exporting OFR_MAIN_ASSET_CUR_22
invoke OFR_MAIN_ASSET_CUR_22
start exporting OFR_MAIN_ASSET_CUR_23
invoke OFR_MAIN_ASSET_CUR_23
start exporting OFR_MAIN_ASSET_CUR_24
invoke OFR_MAIN_ASSET_CUR_24
start exporting OFR_MAIN_ASSET_CUR_25
invoke OFR_MAIN_ASSET_CUR_25
start exporting OFR_MAIN_ASSET_CUR_26
invoke OFR_MAIN_ASSET_CUR_26
start exporting OFR_MAIN_ASSET_CUR_27
invoke OFR_MAIN_ASSET_CUR_27
start exporting OFR_MAIN_ASSET_CUR_28
invoke OFR_MAIN_ASSET_CUR_28
start exporting OFR_MAIN_ASSET_CUR_29
invoke OFR_MAIN_ASSET_CUR_29
./4.1.2.1.sh: line 34: 428763 Killed                  ${VSQL} -e -i -v ON_ERROR_STOP=1 -c "select exportdata(*  using parameters path='/data/export/test/1/ZJBIC.OFR_MAIN_ASSET_CUR_A_${invoke}.txt', separator=E'\007'	) over (partition auto) from  ZJBIC.OFR_MAIN_ASSET_CUR_A_${invoke};" > ${AUTO_HOME}/logs/4.1.2_ZJBIC.OFR_MAIN_ASSET_CUR_A_${invoke}.log 2>&1
./4.1.2.1.sh: line 34: 428882 Killed                  ${VSQL} -e -i -v ON_ERROR_STOP=1 -c "select exportdata(*  using parameters path='/data/export/test/1/ZJBIC.OFR_MAIN_ASSET_CUR_A_${invoke}.txt', separator=E'\007'	) over (partition auto) from  ZJBIC.OFR_MAIN_ASSET_CUR_A_${invoke};" > ${AUTO_HOME}/logs/4.1.2_ZJBIC.OFR_MAIN_ASSET_CUR_A_${invoke}.log 2>&1
./4.1.2.1.sh: line 34: 428883 Killed                  ${VSQL} -e -i -v ON_ERROR_STOP=1 -c "select exportdata(*  using parameters path='/data/export/test/1/ZJBIC.OFR_MAIN_ASSET_CUR_A_${invoke}.txt', separator=E'\007'	) over (partition auto) from  ZJBIC.OFR_MAIN_ASSET_CUR_A_${invoke};" > ${AUTO_HOME}/logs/4.1.2_ZJBIC.OFR_MAIN_ASSET_CUR_A_${invoke}.log 2>&1
./4.1.2.1.sh: line 34: 428881 Killed                  ${VSQL} -e -i -v ON_ERROR_STOP=1 -c "select exportdata(*  using parameters path='/data/export/test/1/ZJBIC.OFR_MAIN_ASSET_CUR_A_${invoke}.txt', separator=E'\007'	) over (partition auto) from  ZJBIC.OFR_MAIN_ASSET_CUR_A_${invoke};" > ${AUTO_HOME}/logs/4.1.2_ZJBIC.OFR_MAIN_ASSET_CUR_A_${invoke}.log 2>&1
Tue Aug 15 15:43:24 CST 2017
export OFR_MAIN_ASSET_CUR completed
