begin .-execute_10.sh-exe_query.sh-sql4.sh at Wed Aug  9 09:47:48 CST 2017 ...
begin .-execute_10.sh-exe_query.sh-sql4.sh at Wed Aug  9 09:47:48 CST 2017 ...
SET
Timing is on.
SET
Timing is on.
SET
Timing is on.
SET
Timing is on.
 CNT |   CPL_DT   | AGENT_POINT_ID 
-----+------------+----------------
 416 | 2017-06-08 | az71000263373
 383 | 2017-04-27 | ap71000297343
 291 | 2017-04-26 | az71000246529
 282 | 2017-04-28 | ap71000297343
 282 | 2017-05-27 | az71000246529
 265 | 2017-05-17 | az71000247787
 250 | 2017-05-31 | az71000247816
 245 | 2017-05-04 | az71000246727
 245 | 2017-05-22 | ap71000239042
 226 | 2017-05-04 | ap71000297343
(10 rows)

Time: First fetch (10 rows): 2892.605 ms. All rows formatted: 2892.730 ms
end .-execute_10.sh-exe_query.sh-sql4.sh at Wed Aug  9 09:47:50 CST 2017
.-execute_10.sh-exe_query.sh-sql4.sh total time=3.052 s
 CNT |   CPL_DT   | AGENT_POINT_ID 
-----+------------+----------------
 416 | 2017-06-08 | az71000263373
 383 | 2017-04-27 | ap71000297343
 291 | 2017-04-26 | az71000246529
 282 | 2017-05-27 | az71000246529
 282 | 2017-04-28 | ap71000297343
 265 | 2017-05-17 | az71000247787
 250 | 2017-05-31 | az71000247816
 245 | 2017-05-04 | az71000246727
 245 | 2017-05-22 | ap71000239042
 226 | 2017-05-04 | ap71000297343
(10 rows)

Time: First fetch (10 rows): 3305.334 ms. All rows formatted: 3305.399 ms
end .-execute_10.sh-exe_query.sh-sql4.sh at Wed Aug  9 09:47:51 CST 2017
.-execute_10.sh-exe_query.sh-sql4.sh total time=3.325 s
 CNT |   CPL_DT   | AGENT_POINT_ID 
-----+------------+----------------
 416 | 2017-06-08 | az71000263373
 383 | 2017-04-27 | ap71000297343
 291 | 2017-04-26 | az71000246529
 282 | 2017-05-27 | az71000246529
 282 | 2017-04-28 | ap71000297343
 265 | 2017-05-17 | az71000247787
 250 | 2017-05-31 | az71000247816
 245 | 2017-05-04 | az71000246727
 245 | 2017-05-22 | ap71000239042
 226 | 2017-05-04 | ap71000297343
(10 rows)

Time: First fetch (10 rows): 2954.417 ms. All rows formatted: 2954.493 ms
end .-execute_10.sh-exe_query.sh-sql4.sh at Wed Aug  9 09:47:51 CST 2017
.-execute_10.sh-exe_query.sh-sql4.sh total time=3.144 s
 CNT |   CPL_DT   | AGENT_POINT_ID 
-----+------------+----------------
 416 | 2017-06-08 | az71000263373
 383 | 2017-04-27 | ap71000297343
 291 | 2017-04-26 | az71000246529
 282 | 2017-04-28 | ap71000297343
 282 | 2017-05-27 | az71000246529
 265 | 2017-05-17 | az71000247787
 250 | 2017-05-31 | az71000247816
 245 | 2017-05-04 | az71000246727
 245 | 2017-05-22 | ap71000239042
 226 | 2017-05-04 | ap71000297343
(10 rows)

Time: First fetch (10 rows): 2627.008 ms. All rows formatted: 2627.077 ms
end .-execute_10.sh-exe_query.sh-sql4.sh at Wed Aug  9 09:47:51 CST 2017
.-execute_10.sh-exe_query.sh-sql4.sh total time=2.827 s
 CNT |   CPL_DT   | AGENT_POINT_ID 
-----+------------+----------------
 416 | 2017-06-08 | az71000263373
 383 | 2017-04-27 | ap71000297343
 291 | 2017-04-26 | az71000246529
 282 | 2017-05-27 | az71000246529
 282 | 2017-04-28 | ap71000297343
 265 | 2017-05-17 | az71000247787
 250 | 2017-05-31 | az71000247816
 245 | 2017-05-04 | az71000246727
 245 | 2017-05-22 | ap71000239042
 226 | 2017-05-04 | ap71000297343
(10 rows)

Time: First fetch (10 rows): 2649.498 ms. All rows formatted: 2649.558 ms
 CNT |   CPL_DT   | AGENT_POINT_ID 
-----+------------+----------------
 416 | 2017-06-08 | az71000263373
 383 | 2017-04-27 | ap71000297343
 291 | 2017-04-26 | az71000246529
 282 | 2017-05-27 | az71000246529
 282 | 2017-04-28 | ap71000297343
 265 | 2017-05-17 | az71000247787
 250 | 2017-05-31 | az71000247816
 245 | 2017-05-04 | az71000246727
 245 | 2017-05-22 | ap71000239042
 226 | 2017-05-04 | ap71000297343
(10 rows)

Time: First fetch (10 rows): 3560.687 ms. All rows formatted: 3560.742 ms
 CNT |   CPL_DT   | AGENT_POINT_ID 
-----+------------+----------------
 416 | 2017-06-08 | az71000263373
 383 | 2017-04-27 | ap71000297343
 291 | 2017-04-26 | az71000246529
 282 | 2017-05-27 | az71000246529
 282 | 2017-04-28 | ap71000297343
 265 | 2017-05-17 | az71000247787
 250 | 2017-05-31 | az71000247816
 245 | 2017-05-04 | az71000246727
 245 | 2017-05-22 | ap71000239042
 226 | 2017-05-04 | ap71000297343
(10 rows)

Time: First fetch (10 rows): 3455.920 ms. All rows formatted: 3455.977 ms
end .-execute_10.sh-exe_query.sh-sql4.sh at Wed Aug  9 09:47:51 CST 2017
.-execute_10.sh-exe_query.sh-sql4.sh total time=2.841 s
 CNT |   CPL_DT   | AGENT_POINT_ID 
-----+------------+----------------
 416 | 2017-06-08 | az71000263373
 383 | 2017-04-27 | ap71000297343
 291 | 2017-04-26 | az71000246529
 282 | 2017-04-28 | ap71000297343
 282 | 2017-05-27 | az71000246529
 265 | 2017-05-17 | az71000247787
 250 | 2017-05-31 | az71000247816
 245 | 2017-05-04 | az71000246727
 245 | 2017-05-22 | ap71000239042
 226 | 2017-05-04 | ap71000297343
(10 rows)

Time: First fetch (10 rows): 2672.599 ms. All rows formatted: 2672.659 ms
end .-execute_10.sh-exe_query.sh-sql4.sh at Wed Aug  9 09:47:51 CST 2017
.-execute_10.sh-exe_query.sh-sql4.sh total time=3.533 s
end .-execute_10.sh-exe_query.sh-sql4.sh at Wed Aug  9 09:47:51 CST 2017
.-execute_10.sh-exe_query.sh-sql4.sh total time=3.599 s
end .-execute_10.sh-exe_query.sh-sql4.sh at Wed Aug  9 09:47:51 CST 2017
.-execute_10.sh-exe_query.sh-sql4.sh total time=2.877 s
 CNT |   CPL_DT   | AGENT_POINT_ID 
-----+------------+----------------
 416 | 2017-06-08 | az71000263373
 383 | 2017-04-27 | ap71000297343
 291 | 2017-04-26 | az71000246529
 282 | 2017-04-28 | ap71000297343
 282 | 2017-05-27 | az71000246529
 265 | 2017-05-17 | az71000247787
 250 | 2017-05-31 | az71000247816
 245 | 2017-05-04 | az71000246727
 245 | 2017-05-22 | ap71000239042
 226 | 2017-05-04 | ap71000297343
(10 rows)

Time: First fetch (10 rows): 3188.159 ms. All rows formatted: 3188.242 ms
 CNT |   CPL_DT   | AGENT_POINT_ID 
-----+------------+----------------
 416 | 2017-06-08 | az71000263373
 383 | 2017-04-27 | ap71000297343
 291 | 2017-04-26 | az71000246529
 282 | 2017-05-27 | az71000246529
 282 | 2017-04-28 | ap71000297343
 265 | 2017-05-17 | az71000247787
 250 | 2017-05-31 | az71000247816
 245 | 2017-05-04 | az71000246727
 245 | 2017-05-22 | ap71000239042
 226 | 2017-05-04 | ap71000297343
(10 rows)

Time: First fetch (10 rows): 2806.161 ms. All rows formatted: 2806.215 ms
end .-execute_10.sh-exe_query.sh-sql4.sh at Wed Aug  9 09:47:51 CST 2017
.-execute_10.sh-exe_query.sh-sql4.sh total time=3.391 s
end .-execute_10.sh-exe_query.sh-sql4.sh at Wed Aug  9 09:47:51 CST 2017
.-execute_10.sh-exe_query.sh-sql4.sh total time=2.840 s
