Timing is on.
SELECT COUNT(P1.ASSET_ROW_ID)
	,DATE_CD
FROM KPI.KPI_ASSET_FLG_A P1
INNER JOIN DMN.CAG_COM_STD_PRD_LVL4 P2
	ON P1.STD_PRD_LVL4_ID = P2.STD_PRD_LVL4_ID
		AND P2.PRD_NAME = 'CDMA'
WHERE P1.DATE_CD >= DATE '2017-04-15'
	AND P1.DATE_CD <= DATE '2017-04-19'
	AND P1.ON_NET_FLG = 1
GROUP BY DATE_CD;
  COUNT  |  DATE_CD   
---------+------------
 3989224 | 2017-04-17
 3990987 | 2017-04-19
 4016857 | 2017-04-15
 3987890 | 2017-04-16
 3989864 | 2017-04-18
(5 rows)

Time: First fetch (5 rows): 3955.000 ms. All rows formatted: 3955.073 ms
Timing is on.
SELECT COUNT(P1.ASSET_ROW_ID)
	,P1.DATE_CD
	,P1.SPEED
FROM KPI.KPI_ASSET_FLG_A P1
INNER JOIN DMN.CAG_COM_STD_PRD_LVL4 P2
	ON P1.STD_PRD_LVL4_ID = P2.STD_PRD_LVL4_ID
		AND P2.PRD_NAME = '宽带'
WHERE P1.DATE_CD >= DATE '2017-04-15'
	AND P1.DATE_CD <= DATE '2017-04-19'
	AND P1.BIL_FLG = 1
	AND P1.SPEED = '102400Kbps'
GROUP BY P1.DATE_CD
	,P1.SPEED;
 COUNT  |  DATE_CD   |   SPEED    
--------+------------+------------
 832275 | 2017-04-17 | 102400Kbps
 828674 | 2017-04-15 | 102400Kbps
 836239 | 2017-04-19 | 102400Kbps
 829531 | 2017-04-16 | 102400Kbps
 834286 | 2017-04-18 | 102400Kbps
(5 rows)

Time: First fetch (5 rows): 2252.230 ms. All rows formatted: 2252.289 ms
Timing is on.
SELECT COUNT(P1.ASSET_ROW_ID)
	,P1.CPL_DT
	,P1.LAN_SPEED
FROM KPI.KPI_ASSET_IO_A P1
INNER JOIN DMN.CAG_COM_STD_PRD_LVL4 P2
	ON P1.STD_PRD_LVL4_ID = P2.STD_PRD_LVL4_ID
		AND P2.PRD_NAME = '宽带'
WHERE P1.CPL_DT >= DATE '2017-04-15'
	AND P1.CPL_DT <= DATE '2017-04-19'
	AND P1.LAN_SPEED = '102400Kbps'
	AND P1.IO_FLG = 'I'
GROUP BY P1.CPL_DT
	,P1.LAN_SPEED;
 COUNT | CPL_DT | LAN_SPEED 
-------+--------+-----------
(0 rows)

Time: First fetch (0 rows): 567.144 ms. All rows formatted: 567.206 ms
Timing is on.
SELECT
	
	*
FROM (
	SELECT COUNT(P1.ASSET_ROW_ID) AS CNT
		,P1.CPL_DT
		,P1.AGENT_POINT_ID
	FROM KPI.KPI_ASSET_IO_A P1
	INNER JOIN DMN.CAG_COM_STD_PRD_LVL4 P2
		ON P1.STD_PRD_LVL4_ID = P2.STD_PRD_LVL4_ID
			AND P2.PRD_NAME = 'CDMA'
	WHERE P1.CPL_DT >= DATE '2017-04-15'
		AND P1.IO_FLG = 'I'
	GROUP BY P1.CPL_DT
		,P1.AGENT_POINT_ID
	) X
ORDER BY CNT DESC LIMIT 10;
 CNT | CPL_DT | AGENT_POINT_ID 
-----+--------+----------------
(0 rows)

Time: First fetch (0 rows): 860.778 ms. All rows formatted: 860.829 ms
Timing is on.
SELECT
	
	*
FROM (
	SELECT COUNT(P1.ASSET_ROW_ID) AS CNT
		,P1.CPL_DT
		,P1.AGENT_POINT_ID
	FROM KPI.KPI_ASSET_IO_A P1
	INNER JOIN DMN.CAG_COM_STD_PRD_LVL4 P2
		ON P1.STD_PRD_LVL4_ID = P2.STD_PRD_LVL4_ID
			AND P2.PRD_NAME = '宽带'
	WHERE P1.CPL_DT = DATE '2017-04-15'
		AND P1.IO_FLG = 'I'
		AND LAN_SPEED <> 'err'
	GROUP BY P1.CPL_DT
		,P1.AGENT_POINT_ID
	) X
ORDER BY CNT DESC LIMIT 10;
 CNT | CPL_DT | AGENT_POINT_ID 
-----+--------+----------------
(0 rows)

Time: First fetch (0 rows): 577.266 ms. All rows formatted: 577.331 ms
